<?xml version="1.0" encoding="UTF-8"?>
<!-- Generated by org.testng.reporters.JUnitReportReporter -->
<testsuite hostname="andy" name="resultOfSearchTest.ActorNameTestSuite" tests="1" failures="0" timestamp="25 May 2016 20:57:57 GMT" time="110.703" errors="0">
  <testcase name="checkAuthorName" time="110.703" classname="resultOfSearchTest.ActorNameTestSuite"/>
</testsuite> <!-- resultOfSearchTest.ActorNameTestSuite -->
