<?xml version="1.0" encoding="UTF-8"?>
<!-- Generated by org.testng.reporters.JUnitReportReporter -->
<testsuite hostname="andy" name="resultOfSearchTest.ActorNameTestSuite" tests="1" failures="0" timestamp="24 May 2016 19:43:26 GMT" time="44.844" errors="0">
  <testcase name="checkAuthorName" time="44.844" classname="resultOfSearchTest.ActorNameTestSuite"/>
</testsuite> <!-- resultOfSearchTest.ActorNameTestSuite -->
